2016/04/10 21:45:35 [INFO] Terraform version: 0.6.14  c7e5b24531e73aae1eec2f7530d968ac8c69804c
2016/04/10 21:45:35 [DEBUG] Detected home directory from env var: /Users/adron
2016/04/10 21:45:35 [DEBUG] Discovered plugin: atlas = /usr/local/terraform_0_6_14/terraform-provider-atlas
2016/04/10 21:45:35 [DEBUG] Discovered plugin: aws = /usr/local/terraform_0_6_14/terraform-provider-aws
2016/04/10 21:45:35 [DEBUG] Discovered plugin: azure = /usr/local/terraform_0_6_14/terraform-provider-azure
2016/04/10 21:45:35 [DEBUG] Discovered plugin: azurerm = /usr/local/terraform_0_6_14/terraform-provider-azurerm
2016/04/10 21:45:35 [DEBUG] Discovered plugin: chef = /usr/local/terraform_0_6_14/terraform-provider-chef
2016/04/10 21:45:35 [DEBUG] Discovered plugin: clc = /usr/local/terraform_0_6_14/terraform-provider-clc
2016/04/10 21:45:35 [DEBUG] Discovered plugin: cloudflare = /usr/local/terraform_0_6_14/terraform-provider-cloudflare
2016/04/10 21:45:35 [DEBUG] Discovered plugin: cloudstack = /usr/local/terraform_0_6_14/terraform-provider-cloudstack
2016/04/10 21:45:35 [DEBUG] Discovered plugin: consul = /usr/local/terraform_0_6_14/terraform-provider-consul
2016/04/10 21:45:35 [DEBUG] Discovered plugin: datadog = /usr/local/terraform_0_6_14/terraform-provider-datadog
2016/04/10 21:45:35 [DEBUG] Discovered plugin: digitalocean = /usr/local/terraform_0_6_14/terraform-provider-digitalocean
2016/04/10 21:45:35 [DEBUG] Discovered plugin: dme = /usr/local/terraform_0_6_14/terraform-provider-dme
2016/04/10 21:45:35 [DEBUG] Discovered plugin: dnsimple = /usr/local/terraform_0_6_14/terraform-provider-dnsimple
2016/04/10 21:45:35 [DEBUG] Discovered plugin: docker = /usr/local/terraform_0_6_14/terraform-provider-docker
2016/04/10 21:45:35 [DEBUG] Discovered plugin: dyn = /usr/local/terraform_0_6_14/terraform-provider-dyn
2016/04/10 21:45:35 [DEBUG] Discovered plugin: github = /usr/local/terraform_0_6_14/terraform-provider-github
2016/04/10 21:45:35 [DEBUG] Discovered plugin: google = /usr/local/terraform_0_6_14/terraform-provider-google
2016/04/10 21:45:35 [DEBUG] Discovered plugin: heroku = /usr/local/terraform_0_6_14/terraform-provider-heroku
2016/04/10 21:45:35 [DEBUG] Discovered plugin: influxdb = /usr/local/terraform_0_6_14/terraform-provider-influxdb
2016/04/10 21:45:35 [DEBUG] Discovered plugin: mailgun = /usr/local/terraform_0_6_14/terraform-provider-mailgun
2016/04/10 21:45:35 [DEBUG] Discovered plugin: mysql = /usr/local/terraform_0_6_14/terraform-provider-mysql
2016/04/10 21:45:35 [DEBUG] Discovered plugin: null = /usr/local/terraform_0_6_14/terraform-provider-null
2016/04/10 21:45:35 [DEBUG] Discovered plugin: openstack = /usr/local/terraform_0_6_14/terraform-provider-openstack
2016/04/10 21:45:35 [DEBUG] Discovered plugin: packet = /usr/local/terraform_0_6_14/terraform-provider-packet
2016/04/10 21:45:35 [DEBUG] Discovered plugin: postgresql = /usr/local/terraform_0_6_14/terraform-provider-postgresql
2016/04/10 21:45:35 [DEBUG] Discovered plugin: powerdns = /usr/local/terraform_0_6_14/terraform-provider-powerdns
2016/04/10 21:45:35 [DEBUG] Discovered plugin: rundeck = /usr/local/terraform_0_6_14/terraform-provider-rundeck
2016/04/10 21:45:35 [DEBUG] Discovered plugin: statuscake = /usr/local/terraform_0_6_14/terraform-provider-statuscake
2016/04/10 21:45:35 [DEBUG] Discovered plugin: template = /usr/local/terraform_0_6_14/terraform-provider-template
2016/04/10 21:45:35 [DEBUG] Discovered plugin: terraform = /usr/local/terraform_0_6_14/terraform-provider-terraform
2016/04/10 21:45:35 [DEBUG] Discovered plugin: tls = /usr/local/terraform_0_6_14/terraform-provider-tls
2016/04/10 21:45:35 [DEBUG] Discovered plugin: triton = /usr/local/terraform_0_6_14/terraform-provider-triton
2016/04/10 21:45:35 [DEBUG] Discovered plugin: ultradns = /usr/local/terraform_0_6_14/terraform-provider-ultradns
2016/04/10 21:45:35 [DEBUG] Discovered plugin: vcd = /usr/local/terraform_0_6_14/terraform-provider-vcd
2016/04/10 21:45:35 [DEBUG] Discovered plugin: vsphere = /usr/local/terraform_0_6_14/terraform-provider-vsphere
2016/04/10 21:45:35 [DEBUG] Discovered plugin: chef = /usr/local/terraform_0_6_14/terraform-provisioner-chef
2016/04/10 21:45:35 [DEBUG] Discovered plugin: file = /usr/local/terraform_0_6_14/terraform-provisioner-file
2016/04/10 21:45:35 [DEBUG] Discovered plugin: local-exec = /usr/local/terraform_0_6_14/terraform-provisioner-local-exec
2016/04/10 21:45:35 [DEBUG] Discovered plugin: remote-exec = /usr/local/terraform_0_6_14/terraform-provisioner-remote-exec
2016/04/10 21:45:35 [DEBUG] Detected home directory from env var: /Users/adron
2016/04/10 21:45:35 [DEBUG] Attempting to open CLI config file: /Users/adron/.terraformrc
2016/04/10 21:45:35 [DEBUG] File doesn't exist, but doesn't need to. Ignoring.
2016/04/10 21:45:35 [DEBUG] Detected home directory from env var: /Users/adron
2016/04/10 21:45:35 [TRACE] Graph after step *terraform.ConfigTransformer:

docker_container.ubuntu
  docker_image.ubuntu
docker_image.ubuntu
2016/04/10 21:45:35 [TRACE] Graph after step *terraform.OrphanTransformer:

docker_container.ubuntu
  docker_image.ubuntu
docker_image.ubuntu
2016/04/10 21:45:35 [TRACE] Graph after step *terraform.AddOutputOrphanTransformer:

docker_container.ubuntu
  docker_image.ubuntu
docker_image.ubuntu
2016/04/10 21:45:35 [TRACE] Graph after step *terraform.MissingProviderTransformer:

docker_container.ubuntu
  docker_image.ubuntu
docker_image.ubuntu
provider.docker
2016/04/10 21:45:35 [TRACE] Graph after step *terraform.ProviderTransformer:

docker_container.ubuntu
  docker_image.ubuntu
  provider.docker
docker_image.ubuntu
  provider.docker
provider.docker
2016/04/10 21:45:35 [TRACE] Graph after step *terraform.DisableProviderTransformer:

docker_container.ubuntu
  docker_image.ubuntu
  provider.docker
docker_image.ubuntu
  provider.docker
provider.docker
2016/04/10 21:45:35 [TRACE] Graph after step *terraform.MissingProvisionerTransformer:

docker_container.ubuntu
  docker_image.ubuntu
  provider.docker
docker_image.ubuntu
  provider.docker
provider.docker
2016/04/10 21:45:35 [TRACE] Graph after step *terraform.ProvisionerTransformer:

docker_container.ubuntu
  docker_image.ubuntu
  provider.docker
docker_image.ubuntu
  provider.docker
provider.docker
2016/04/10 21:45:35 [TRACE] Graph after step *terraform.VertexTransformer:

docker_container.ubuntu
  docker_image.ubuntu
  provider.docker
docker_image.ubuntu
  provider.docker
provider.docker
2016/04/10 21:45:35 [TRACE] Graph after step *terraform.FlattenTransformer:

docker_container.ubuntu
  docker_image.ubuntu
  provider.docker
docker_image.ubuntu
  provider.docker
provider.docker
2016/04/10 21:45:35 [TRACE] Graph after step *terraform.ProxyTransformer:

docker_container.ubuntu
  docker_image.ubuntu
  provider.docker
docker_image.ubuntu
  provider.docker
provider.docker
2016/04/10 21:45:35 [TRACE] Graph after step *terraform.TargetsTransformer:

docker_container.ubuntu
  docker_image.ubuntu
  provider.docker
docker_image.ubuntu
  provider.docker
provider.docker
2016/04/10 21:45:35 [TRACE] Graph after step *terraform.PruneProviderTransformer:

docker_container.ubuntu
  docker_image.ubuntu
  provider.docker
docker_image.ubuntu
  provider.docker
provider.docker
2016/04/10 21:45:35 [TRACE] Graph after step *terraform.DestroyTransformer:

docker_container.ubuntu
  docker_container.ubuntu (destroy tainted)
  docker_container.ubuntu (destroy)
  docker_image.ubuntu
  provider.docker
docker_container.ubuntu (destroy tainted)
  provider.docker
docker_container.ubuntu (destroy)
  provider.docker
docker_image.ubuntu
  docker_image.ubuntu (destroy tainted)
  docker_image.ubuntu (destroy)
  provider.docker
docker_image.ubuntu (destroy tainted)
  docker_container.ubuntu (destroy tainted)
  provider.docker
docker_image.ubuntu (destroy)
  docker_container.ubuntu (destroy)
  provider.docker
provider.docker
2016/04/10 21:45:35 [TRACE] Graph after step *terraform.CreateBeforeDestroyTransformer:

docker_container.ubuntu
  docker_container.ubuntu (destroy tainted)
  docker_container.ubuntu (destroy)
  docker_image.ubuntu
  provider.docker
docker_container.ubuntu (destroy tainted)
  provider.docker
docker_container.ubuntu (destroy)
  provider.docker
docker_image.ubuntu
  docker_image.ubuntu (destroy tainted)
  docker_image.ubuntu (destroy)
  provider.docker
docker_image.ubuntu (destroy tainted)
  docker_container.ubuntu (destroy tainted)
  provider.docker
docker_image.ubuntu (destroy)
  docker_container.ubuntu (destroy)
  provider.docker
provider.docker
2016/04/10 21:45:35 [TRACE] Graph after step *terraform.PruneDestroyTransformer:

docker_container.ubuntu
  docker_image.ubuntu
  provider.docker
docker_image.ubuntu
  provider.docker
provider.docker
2016/04/10 21:45:35 [TRACE] Graph after step *terraform.PruneNoopTransformer:

docker_container.ubuntu
  docker_image.ubuntu
  provider.docker
docker_image.ubuntu
  provider.docker
provider.docker
2016/04/10 21:45:35 [TRACE] Graph after step *terraform.CloseProviderTransformer:

docker_container.ubuntu
  docker_image.ubuntu
  provider.docker
docker_image.ubuntu
  provider.docker
provider.docker
provider.docker (close)
  docker_container.ubuntu
  docker_image.ubuntu
  provider.docker
2016/04/10 21:45:35 [TRACE] Graph after step *terraform.CloseProvisionerTransformer:

docker_container.ubuntu
  docker_image.ubuntu
  provider.docker
docker_image.ubuntu
  provider.docker
provider.docker
provider.docker (close)
  docker_container.ubuntu
  docker_image.ubuntu
  provider.docker
2016/04/10 21:45:35 [TRACE] Graph after step *terraform.TransitiveReductionTransformer:

docker_container.ubuntu
  docker_image.ubuntu
docker_image.ubuntu
  provider.docker
provider.docker
provider.docker (close)
  docker_container.ubuntu
2016/04/10 21:45:35 [TRACE] Graph after step *terraform.RootTransformer:

docker_container.ubuntu
  docker_image.ubuntu
docker_image.ubuntu
  provider.docker
provider.docker
provider.docker (close)
  docker_container.ubuntu
2016/04/10 21:45:35 [DEBUG] Starting graph walk: walkInput
2016/04/10 21:45:35 [DEBUG] vertex root.provider.docker: walking
2016/04/10 21:45:35 [DEBUG] vertex root.provider.docker: evaluating
2016/04/10 21:45:35 [TRACE] [walkInput] Entering eval tree: provider.docker
2016/04/10 21:45:35 [DEBUG] root: eval: *terraform.EvalSequence
2016/04/10 21:45:35 [DEBUG] root: eval: *terraform.EvalInitProvider
2016/04/10 21:45:35 [DEBUG] Starting plugin: /usr/local/terraform_0_6_14/terraform-provider-docker []string{"/usr/local/terraform_0_6_14/terraform-provider-docker"}
2016/04/10 21:45:35 [DEBUG] Waiting for RPC address for: /usr/local/terraform_0_6_14/terraform-provider-docker
2016/04/10 21:45:35 [DEBUG] terraform-provider-docker: 2016/04/10 21:45:35 Plugin address: unix /var/folders/kl/1vw865bd33ncj0m8bclc37bc0000gn/T/tf-plugin083553728
2016/04/10 21:45:35 [DEBUG] root: eval: *terraform.EvalOpFilter
2016/04/10 21:45:35 [DEBUG] root: eval: *terraform.EvalSequence
2016/04/10 21:45:35 [DEBUG] root: eval: *terraform.EvalGetProvider
2016/04/10 21:45:35 [DEBUG] root: eval: *terraform.EvalInterpolate
2016/04/10 21:45:35 [DEBUG] root: eval: *terraform.EvalBuildProviderConfig
2016/04/10 21:45:35 [DEBUG] root: eval: *terraform.EvalInputProvider
2016/04/10 21:45:35 [DEBUG] root: eval: terraform.EvalNoop
2016/04/10 21:45:35 [DEBUG] root: eval: terraform.EvalNoop
2016/04/10 21:45:35 [DEBUG] root: eval: terraform.EvalNoop
2016/04/10 21:45:35 [TRACE] [walkInput] Exiting eval tree: provider.docker
2016/04/10 21:45:35 [DEBUG] vertex docker_image.ubuntu, got dep: provider.docker
2016/04/10 21:45:35 [DEBUG] vertex root.docker_image.ubuntu: walking
2016/04/10 21:45:35 [DEBUG] vertex root.docker_image.ubuntu: evaluating
2016/04/10 21:45:35 [TRACE] [walkInput] Entering eval tree: docker_image.ubuntu
2016/04/10 21:45:35 [DEBUG] root: eval: *terraform.EvalSequence
2016/04/10 21:45:35 [DEBUG] root: eval: *terraform.EvalInterpolate
2016/04/10 21:45:35 [DEBUG] root: eval: terraform.EvalNoop
2016/04/10 21:45:35 [DEBUG] root: eval: *terraform.EvalCountFixZeroOneBoundary
2016/04/10 21:45:35 [TRACE] [walkInput] Exiting eval tree: docker_image.ubuntu
2016/04/10 21:45:35 [DEBUG] vertex root.docker_image.ubuntu: expanding/walking dynamic subgraph
2016/04/10 21:45:35 [TRACE] Graph after step *terraform.ResourceCountTransformer:

docker_image.ubuntu
2016/04/10 21:45:35 [TRACE] Graph after step *terraform.TargetsTransformer:

docker_image.ubuntu
2016/04/10 21:45:35 [TRACE] Graph after step *terraform.RootTransformer:

docker_image.ubuntu
2016/04/10 21:45:35 [DEBUG] vertex root.docker_image.ubuntu: walking
2016/04/10 21:45:35 [DEBUG] vertex root.docker_image.ubuntu: evaluating
2016/04/10 21:45:35 [TRACE] [walkInput] Entering eval tree: docker_image.ubuntu
2016/04/10 21:45:35 [DEBUG] root: eval: *terraform.EvalSequence
2016/04/10 21:45:35 [DEBUG] root: eval: terraform.EvalNoop
2016/04/10 21:45:35 [DEBUG] root: eval: *terraform.EvalInstanceInfo
2016/04/10 21:45:35 [DEBUG] root: eval: terraform.EvalNoop
2016/04/10 21:45:35 [DEBUG] root: eval: terraform.EvalNoop
2016/04/10 21:45:35 [DEBUG] root: eval: terraform.EvalNoop
2016/04/10 21:45:35 [DEBUG] root: eval: terraform.EvalNoop
2016/04/10 21:45:35 [TRACE] [walkInput] Exiting eval tree: docker_image.ubuntu
2016/04/10 21:45:35 [DEBUG] vertex docker_container.ubuntu, got dep: docker_image.ubuntu
2016/04/10 21:45:35 [DEBUG] vertex root.docker_container.ubuntu: walking
2016/04/10 21:45:35 [DEBUG] vertex root.docker_container.ubuntu: evaluating
2016/04/10 21:45:35 [TRACE] [walkInput] Entering eval tree: docker_container.ubuntu
2016/04/10 21:45:35 [DEBUG] root: eval: *terraform.EvalSequence
2016/04/10 21:45:35 [DEBUG] root: eval: *terraform.EvalInterpolate
2016/04/10 21:45:35 [DEBUG] root: eval: terraform.EvalNoop
2016/04/10 21:45:35 [DEBUG] root: eval: *terraform.EvalCountFixZeroOneBoundary
2016/04/10 21:45:35 [TRACE] [walkInput] Exiting eval tree: docker_container.ubuntu
2016/04/10 21:45:35 [DEBUG] vertex root.docker_container.ubuntu: expanding/walking dynamic subgraph
2016/04/10 21:45:35 [TRACE] Graph after step *terraform.ResourceCountTransformer:

docker_container.ubuntu
2016/04/10 21:45:35 [TRACE] Graph after step *terraform.TargetsTransformer:

docker_container.ubuntu
2016/04/10 21:45:35 [TRACE] Graph after step *terraform.RootTransformer:

docker_container.ubuntu
2016/04/10 21:45:35 [DEBUG] vertex root.docker_container.ubuntu: walking
2016/04/10 21:45:35 [DEBUG] vertex root.docker_container.ubuntu: evaluating
2016/04/10 21:45:35 [TRACE] [walkInput] Entering eval tree: docker_container.ubuntu
2016/04/10 21:45:35 [DEBUG] root: eval: *terraform.EvalSequence
2016/04/10 21:45:35 [DEBUG] root: eval: terraform.EvalNoop
2016/04/10 21:45:35 [DEBUG] root: eval: *terraform.EvalInstanceInfo
2016/04/10 21:45:35 [DEBUG] root: eval: terraform.EvalNoop
2016/04/10 21:45:35 [DEBUG] root: eval: terraform.EvalNoop
2016/04/10 21:45:35 [DEBUG] root: eval: terraform.EvalNoop
2016/04/10 21:45:35 [DEBUG] root: eval: terraform.EvalNoop
2016/04/10 21:45:35 [TRACE] [walkInput] Exiting eval tree: docker_container.ubuntu
2016/04/10 21:45:35 [DEBUG] vertex provider.docker (close), got dep: docker_container.ubuntu
2016/04/10 21:45:35 [DEBUG] vertex root.provider.docker (close): walking
2016/04/10 21:45:35 [DEBUG] vertex root.provider.docker (close): evaluating
2016/04/10 21:45:35 [TRACE] [walkInput] Entering eval tree: provider.docker (close)
2016/04/10 21:45:35 [DEBUG] root: eval: *terraform.EvalCloseProvider
2016/04/10 21:45:35 [TRACE] [walkInput] Exiting eval tree: provider.docker (close)
2016/04/10 21:45:35 [TRACE] Graph after step *terraform.ConfigTransformer:

docker_container.ubuntu
  docker_image.ubuntu
docker_image.ubuntu
2016/04/10 21:45:35 [TRACE] Graph after step *terraform.OrphanTransformer:

docker_container.ubuntu
  docker_image.ubuntu
docker_image.ubuntu
2016/04/10 21:45:35 [TRACE] Graph after step *terraform.AddOutputOrphanTransformer:

docker_container.ubuntu
  docker_image.ubuntu
docker_image.ubuntu
2016/04/10 21:45:35 [TRACE] Graph after step *terraform.MissingProviderTransformer:

docker_container.ubuntu
  docker_image.ubuntu
docker_image.ubuntu
provider.docker
2016/04/10 21:45:35 [TRACE] Graph after step *terraform.ProviderTransformer:

docker_container.ubuntu
  docker_image.ubuntu
  provider.docker
docker_image.ubuntu
  provider.docker
provider.docker
2016/04/10 21:45:35 [TRACE] Graph after step *terraform.DisableProviderTransformer:

docker_container.ubuntu
  docker_image.ubuntu
  provider.docker
docker_image.ubuntu
  provider.docker
provider.docker
2016/04/10 21:45:35 [TRACE] Graph after step *terraform.MissingProvisionerTransformer:

docker_container.ubuntu
  docker_image.ubuntu
  provider.docker
docker_image.ubuntu
  provider.docker
provider.docker
2016/04/10 21:45:35 [TRACE] Graph after step *terraform.ProvisionerTransformer:

docker_container.ubuntu
  docker_image.ubuntu
  provider.docker
docker_image.ubuntu
  provider.docker
provider.docker
2016/04/10 21:45:35 [TRACE] Graph after step *terraform.VertexTransformer:

docker_container.ubuntu
  docker_image.ubuntu
  provider.docker
docker_image.ubuntu
  provider.docker
provider.docker
2016/04/10 21:45:35 [TRACE] Graph after step *terraform.FlattenTransformer:

docker_container.ubuntu
  docker_image.ubuntu
  provider.docker
docker_image.ubuntu
  provider.docker
provider.docker
2016/04/10 21:45:35 [TRACE] Graph after step *terraform.ProxyTransformer:

docker_container.ubuntu
  docker_image.ubuntu
  provider.docker
docker_image.ubuntu
  provider.docker
provider.docker
2016/04/10 21:45:35 [TRACE] Graph after step *terraform.TargetsTransformer:

docker_container.ubuntu
  docker_image.ubuntu
  provider.docker
docker_image.ubuntu
  provider.docker
provider.docker
2016/04/10 21:45:35 [TRACE] Graph after step *terraform.PruneProviderTransformer:

docker_container.ubuntu
  docker_image.ubuntu
  provider.docker
docker_image.ubuntu
  provider.docker
provider.docker
2016/04/10 21:45:35 [TRACE] Graph after step *terraform.DestroyTransformer:

docker_container.ubuntu
  docker_container.ubuntu (destroy tainted)
  docker_container.ubuntu (destroy)
  docker_image.ubuntu
  provider.docker
docker_container.ubuntu (destroy tainted)
  provider.docker
docker_container.ubuntu (destroy)
  provider.docker
docker_image.ubuntu
  docker_image.ubuntu (destroy tainted)
  docker_image.ubuntu (destroy)
  provider.docker
docker_image.ubuntu (destroy tainted)
  docker_container.ubuntu (destroy tainted)
  provider.docker
docker_image.ubuntu (destroy)
  docker_container.ubuntu (destroy)
  provider.docker
provider.docker
2016/04/10 21:45:35 [TRACE] Graph after step *terraform.CreateBeforeDestroyTransformer:

docker_container.ubuntu
  docker_container.ubuntu (destroy tainted)
  docker_container.ubuntu (destroy)
  docker_image.ubuntu
  provider.docker
docker_container.ubuntu (destroy tainted)
  provider.docker
docker_container.ubuntu (destroy)
  provider.docker
docker_image.ubuntu
  docker_image.ubuntu (destroy tainted)
  docker_image.ubuntu (destroy)
  provider.docker
docker_image.ubuntu (destroy tainted)
  docker_container.ubuntu (destroy tainted)
  provider.docker
docker_image.ubuntu (destroy)
  docker_container.ubuntu (destroy)
  provider.docker
provider.docker
2016/04/10 21:45:35 [TRACE] Graph after step *terraform.PruneDestroyTransformer:

docker_container.ubuntu
  docker_image.ubuntu
  provider.docker
docker_image.ubuntu
  provider.docker
provider.docker
2016/04/10 21:45:35 [TRACE] Graph after step *terraform.PruneNoopTransformer:

docker_container.ubuntu
  docker_image.ubuntu
  provider.docker
docker_image.ubuntu
  provider.docker
provider.docker
2016/04/10 21:45:35 [TRACE] Graph after step *terraform.CloseProviderTransformer:

docker_container.ubuntu
  docker_image.ubuntu
  provider.docker
docker_image.ubuntu
  provider.docker
provider.docker
provider.docker (close)
  docker_container.ubuntu
  docker_image.ubuntu
  provider.docker
2016/04/10 21:45:35 [TRACE] Graph after step *terraform.CloseProvisionerTransformer:

docker_container.ubuntu
  docker_image.ubuntu
  provider.docker
docker_image.ubuntu
  provider.docker
provider.docker
provider.docker (close)
  docker_container.ubuntu
  docker_image.ubuntu
  provider.docker
2016/04/10 21:45:35 [TRACE] Graph after step *terraform.TransitiveReductionTransformer:

docker_container.ubuntu
  docker_image.ubuntu
docker_image.ubuntu
  provider.docker
provider.docker
provider.docker (close)
  docker_container.ubuntu
2016/04/10 21:45:35 [TRACE] Graph after step *terraform.RootTransformer:

docker_container.ubuntu
  docker_image.ubuntu
docker_image.ubuntu
  provider.docker
provider.docker
provider.docker (close)
  docker_container.ubuntu
2016/04/10 21:45:35 [DEBUG] Starting graph walk: walkValidate
2016/04/10 21:45:35 [DEBUG] vertex root.provider.docker: walking
2016/04/10 21:45:35 [DEBUG] vertex root.provider.docker: evaluating
2016/04/10 21:45:35 [TRACE] [walkValidate] Entering eval tree: provider.docker
2016/04/10 21:45:35 [DEBUG] root: eval: *terraform.EvalSequence
2016/04/10 21:45:35 [DEBUG] root: eval: *terraform.EvalInitProvider
2016/04/10 21:45:35 [DEBUG] root: eval: terraform.EvalNoop
2016/04/10 21:45:35 [DEBUG] root: eval: *terraform.EvalOpFilter
2016/04/10 21:45:35 [DEBUG] root: eval: *terraform.EvalSequence
2016/04/10 21:45:35 [DEBUG] root: eval: *terraform.EvalGetProvider
2016/04/10 21:45:35 [DEBUG] root: eval: *terraform.EvalInterpolate
2016/04/10 21:45:35 [DEBUG] root: eval: *terraform.EvalBuildProviderConfig
2016/04/10 21:45:35 [DEBUG] root: eval: *terraform.EvalValidateProvider
2016/04/10 21:45:35 [DEBUG] root: eval: *terraform.EvalSetProviderConfig
2016/04/10 21:45:35 [DEBUG] root: eval: terraform.EvalNoop
2016/04/10 21:45:35 [DEBUG] root: eval: terraform.EvalNoop
2016/04/10 21:45:35 [TRACE] [walkValidate] Exiting eval tree: provider.docker
2016/04/10 21:45:35 [DEBUG] vertex docker_image.ubuntu, got dep: provider.docker
2016/04/10 21:45:35 [DEBUG] vertex root.docker_image.ubuntu: walking
2016/04/10 21:45:35 [DEBUG] vertex root.docker_image.ubuntu: evaluating
2016/04/10 21:45:35 [TRACE] [walkValidate] Entering eval tree: docker_image.ubuntu
2016/04/10 21:45:35 [DEBUG] root: eval: *terraform.EvalSequence
2016/04/10 21:45:35 [DEBUG] root: eval: *terraform.EvalInterpolate
2016/04/10 21:45:35 [DEBUG] root: eval: *terraform.EvalOpFilter
2016/04/10 21:45:35 [DEBUG] root: eval: *terraform.EvalValidateCount
2016/04/10 21:45:35 [DEBUG] root: eval: *terraform.EvalCountFixZeroOneBoundary
2016/04/10 21:45:35 [TRACE] [walkValidate] Exiting eval tree: docker_image.ubuntu
2016/04/10 21:45:35 [DEBUG] vertex root.docker_image.ubuntu: expanding/walking dynamic subgraph
2016/04/10 21:45:35 [TRACE] Graph after step *terraform.ResourceCountTransformer:

docker_image.ubuntu
2016/04/10 21:45:35 [TRACE] Graph after step *terraform.TargetsTransformer:

docker_image.ubuntu
2016/04/10 21:45:35 [TRACE] Graph after step *terraform.RootTransformer:

docker_image.ubuntu
2016/04/10 21:45:35 [DEBUG] vertex root.docker_image.ubuntu: walking
2016/04/10 21:45:35 [DEBUG] vertex root.docker_image.ubuntu: evaluating
2016/04/10 21:45:35 [TRACE] [walkValidate] Entering eval tree: docker_image.ubuntu
2016/04/10 21:45:35 [DEBUG] root: eval: *terraform.EvalSequence
2016/04/10 21:45:35 [DEBUG] root: eval: *terraform.EvalOpFilter
2016/04/10 21:45:35 [DEBUG] root: eval: *terraform.EvalSequence
2016/04/10 21:45:35 [DEBUG] root: eval: *terraform.EvalGetProvider
2016/04/10 21:45:35 [DEBUG] root: eval: *terraform.EvalInterpolate
2016/04/10 21:45:35 [DEBUG] root: eval: *terraform.EvalValidateResource
2016/04/10 21:45:35 [DEBUG] root: eval: *terraform.EvalInstanceInfo
2016/04/10 21:45:35 [DEBUG] root: eval: terraform.EvalNoop
2016/04/10 21:45:35 [DEBUG] root: eval: terraform.EvalNoop
2016/04/10 21:45:35 [DEBUG] root: eval: terraform.EvalNoop
2016/04/10 21:45:35 [DEBUG] root: eval: terraform.EvalNoop
2016/04/10 21:45:35 [TRACE] [walkValidate] Exiting eval tree: docker_image.ubuntu
2016/04/10 21:45:35 [DEBUG] vertex docker_container.ubuntu, got dep: docker_image.ubuntu
2016/04/10 21:45:35 [DEBUG] vertex root.docker_container.ubuntu: walking
2016/04/10 21:45:35 [DEBUG] vertex root.docker_container.ubuntu: evaluating
2016/04/10 21:45:35 [TRACE] [walkValidate] Entering eval tree: docker_container.ubuntu
2016/04/10 21:45:35 [DEBUG] root: eval: *terraform.EvalSequence
2016/04/10 21:45:35 [DEBUG] root: eval: *terraform.EvalInterpolate
2016/04/10 21:45:35 [DEBUG] root: eval: *terraform.EvalOpFilter
2016/04/10 21:45:35 [DEBUG] root: eval: *terraform.EvalValidateCount
2016/04/10 21:45:35 [DEBUG] root: eval: *terraform.EvalCountFixZeroOneBoundary
2016/04/10 21:45:35 [TRACE] [walkValidate] Exiting eval tree: docker_container.ubuntu
2016/04/10 21:45:35 [DEBUG] vertex root.docker_container.ubuntu: expanding/walking dynamic subgraph
2016/04/10 21:45:35 [TRACE] Graph after step *terraform.ResourceCountTransformer:

docker_container.ubuntu
2016/04/10 21:45:35 [TRACE] Graph after step *terraform.TargetsTransformer:

docker_container.ubuntu
2016/04/10 21:45:35 [TRACE] Graph after step *terraform.RootTransformer:

docker_container.ubuntu
2016/04/10 21:45:35 [DEBUG] vertex root.docker_container.ubuntu: walking
2016/04/10 21:45:35 [DEBUG] vertex root.docker_container.ubuntu: evaluating
2016/04/10 21:45:35 [TRACE] [walkValidate] Entering eval tree: docker_container.ubuntu
2016/04/10 21:45:35 [DEBUG] root: eval: *terraform.EvalSequence
2016/04/10 21:45:35 [DEBUG] root: eval: *terraform.EvalOpFilter
2016/04/10 21:45:35 [DEBUG] root: eval: *terraform.EvalSequence
2016/04/10 21:45:35 [DEBUG] root: eval: *terraform.EvalGetProvider
2016/04/10 21:45:35 [DEBUG] root: eval: *terraform.EvalInterpolate
2016/04/10 21:45:35 [DEBUG] root: eval: *terraform.EvalValidateResource
2016/04/10 21:45:35 [DEBUG] root: eval: *terraform.EvalInstanceInfo
2016/04/10 21:45:35 [DEBUG] root: eval: terraform.EvalNoop
2016/04/10 21:45:35 [DEBUG] root: eval: terraform.EvalNoop
2016/04/10 21:45:35 [DEBUG] root: eval: terraform.EvalNoop
2016/04/10 21:45:35 [DEBUG] root: eval: terraform.EvalNoop
2016/04/10 21:45:35 [TRACE] [walkValidate] Exiting eval tree: docker_container.ubuntu
2016/04/10 21:45:35 [DEBUG] vertex provider.docker (close), got dep: docker_container.ubuntu
2016/04/10 21:45:35 [DEBUG] vertex root.provider.docker (close): walking
2016/04/10 21:45:35 [DEBUG] vertex root.provider.docker (close): evaluating
2016/04/10 21:45:35 [TRACE] [walkValidate] Entering eval tree: provider.docker (close)
2016/04/10 21:45:35 [DEBUG] root: eval: *terraform.EvalCloseProvider
2016/04/10 21:45:35 [TRACE] [walkValidate] Exiting eval tree: provider.docker (close)
2016/04/10 21:45:35 [TRACE] Graph after step *terraform.ConfigTransformer:

docker_container.ubuntu
  docker_image.ubuntu
docker_image.ubuntu
2016/04/10 21:45:35 [TRACE] Graph after step *terraform.OrphanTransformer:

docker_container.ubuntu
  docker_image.ubuntu
docker_image.ubuntu
2016/04/10 21:45:35 [TRACE] Graph after step *terraform.AddOutputOrphanTransformer:

docker_container.ubuntu
  docker_image.ubuntu
docker_image.ubuntu
2016/04/10 21:45:35 [TRACE] Graph after step *terraform.MissingProviderTransformer:

docker_container.ubuntu
  docker_image.ubuntu
docker_image.ubuntu
provider.docker
2016/04/10 21:45:35 [TRACE] Graph after step *terraform.ProviderTransformer:

docker_container.ubuntu
  docker_image.ubuntu
  provider.docker
docker_image.ubuntu
  provider.docker
provider.docker
2016/04/10 21:45:35 [TRACE] Graph after step *terraform.DisableProviderTransformer:

docker_container.ubuntu
  docker_image.ubuntu
  provider.docker
docker_image.ubuntu
  provider.docker
provider.docker
2016/04/10 21:45:35 [TRACE] Graph after step *terraform.MissingProvisionerTransformer:

docker_container.ubuntu
  docker_image.ubuntu
  provider.docker
docker_image.ubuntu
  provider.docker
provider.docker
2016/04/10 21:45:35 [TRACE] Graph after step *terraform.ProvisionerTransformer:

docker_container.ubuntu
  docker_image.ubuntu
  provider.docker
docker_image.ubuntu
  provider.docker
provider.docker
2016/04/10 21:45:35 [TRACE] Graph after step *terraform.VertexTransformer:

docker_container.ubuntu
  docker_image.ubuntu
  provider.docker
docker_image.ubuntu
  provider.docker
provider.docker
2016/04/10 21:45:35 [TRACE] Graph after step *terraform.FlattenTransformer:

docker_container.ubuntu
  docker_image.ubuntu
  provider.docker
docker_image.ubuntu
  provider.docker
provider.docker
2016/04/10 21:45:35 [TRACE] Graph after step *terraform.ProxyTransformer:

docker_container.ubuntu
  docker_image.ubuntu
  provider.docker
docker_image.ubuntu
  provider.docker
provider.docker
2016/04/10 21:45:35 [TRACE] Graph after step *terraform.TargetsTransformer:

docker_container.ubuntu
  docker_image.ubuntu
  provider.docker
docker_image.ubuntu
  provider.docker
provider.docker
2016/04/10 21:45:35 [TRACE] Graph after step *terraform.PruneProviderTransformer:

docker_container.ubuntu
  docker_image.ubuntu
  provider.docker
docker_image.ubuntu
  provider.docker
provider.docker
2016/04/10 21:45:35 [TRACE] Graph after step *terraform.DestroyTransformer:

docker_container.ubuntu
  docker_container.ubuntu (destroy tainted)
  docker_container.ubuntu (destroy)
  docker_image.ubuntu
  provider.docker
docker_container.ubuntu (destroy tainted)
  provider.docker
docker_container.ubuntu (destroy)
  provider.docker
docker_image.ubuntu
  docker_image.ubuntu (destroy tainted)
  docker_image.ubuntu (destroy)
  provider.docker
docker_image.ubuntu (destroy tainted)
  docker_container.ubuntu (destroy tainted)
  provider.docker
docker_image.ubuntu (destroy)
  docker_container.ubuntu (destroy)
  provider.docker
provider.docker
2016/04/10 21:45:35 [TRACE] Graph after step *terraform.CreateBeforeDestroyTransformer:

docker_container.ubuntu
  docker_container.ubuntu (destroy tainted)
  docker_container.ubuntu (destroy)
  docker_image.ubuntu
  provider.docker
docker_container.ubuntu (destroy tainted)
  provider.docker
docker_container.ubuntu (destroy)
  provider.docker
docker_image.ubuntu
  docker_image.ubuntu (destroy tainted)
  docker_image.ubuntu (destroy)
  provider.docker
docker_image.ubuntu (destroy tainted)
  docker_container.ubuntu (destroy tainted)
  provider.docker
docker_image.ubuntu (destroy)
  docker_container.ubuntu (destroy)
  provider.docker
provider.docker
2016/04/10 21:45:35 [TRACE] Graph after step *terraform.PruneDestroyTransformer:

docker_container.ubuntu
  docker_image.ubuntu
  provider.docker
docker_image.ubuntu
  provider.docker
provider.docker
2016/04/10 21:45:35 [TRACE] Graph after step *terraform.PruneNoopTransformer:

docker_container.ubuntu
  docker_image.ubuntu
  provider.docker
docker_image.ubuntu
  provider.docker
provider.docker
2016/04/10 21:45:35 [TRACE] Graph after step *terraform.CloseProviderTransformer:

docker_container.ubuntu
  docker_image.ubuntu
  provider.docker
docker_image.ubuntu
  provider.docker
provider.docker
provider.docker (close)
  docker_container.ubuntu
  docker_image.ubuntu
  provider.docker
2016/04/10 21:45:35 [TRACE] Graph after step *terraform.CloseProvisionerTransformer:

docker_container.ubuntu
  docker_image.ubuntu
  provider.docker
docker_image.ubuntu
  provider.docker
provider.docker
provider.docker (close)
  docker_container.ubuntu
  docker_image.ubuntu
  provider.docker
2016/04/10 21:45:35 [TRACE] Graph after step *terraform.TransitiveReductionTransformer:

docker_container.ubuntu
  docker_image.ubuntu
docker_image.ubuntu
  provider.docker
provider.docker
provider.docker (close)
  docker_container.ubuntu
2016/04/10 21:45:35 [TRACE] Graph after step *terraform.RootTransformer:

docker_container.ubuntu
  docker_image.ubuntu
docker_image.ubuntu
  provider.docker
provider.docker
provider.docker (close)
  docker_container.ubuntu
2016/04/10 21:45:35 [DEBUG] Starting graph walk: walkRefresh
2016/04/10 21:45:35 [DEBUG] vertex root.provider.docker: walking
2016/04/10 21:45:35 [DEBUG] vertex root.provider.docker: evaluating
2016/04/10 21:45:35 [TRACE] [walkRefresh] Entering eval tree: provider.docker
2016/04/10 21:45:35 [DEBUG] root: eval: *terraform.EvalSequence
2016/04/10 21:45:35 [DEBUG] root: eval: *terraform.EvalInitProvider
2016/04/10 21:45:35 [DEBUG] root: eval: terraform.EvalNoop
2016/04/10 21:45:35 [DEBUG] root: eval: terraform.EvalNoop
2016/04/10 21:45:35 [DEBUG] root: eval: *terraform.EvalOpFilter
2016/04/10 21:45:35 [DEBUG] root: eval: *terraform.EvalSequence
2016/04/10 21:45:35 [DEBUG] root: eval: *terraform.EvalGetProvider
2016/04/10 21:45:35 [DEBUG] root: eval: *terraform.EvalInterpolate
2016/04/10 21:45:35 [DEBUG] root: eval: *terraform.EvalBuildProviderConfig
2016/04/10 21:45:35 [DEBUG] root: eval: *terraform.EvalSetProviderConfig
2016/04/10 21:45:35 [DEBUG] root: eval: *terraform.EvalOpFilter
2016/04/10 21:45:35 [DEBUG] root: eval: *terraform.EvalSequence
2016/04/10 21:45:35 [DEBUG] root: eval: *terraform.EvalConfigProvider
2016/04/10 21:45:35 [TRACE] [walkRefresh] Exiting eval tree: provider.docker
2016/04/10 21:45:35 [DEBUG] vertex docker_image.ubuntu, got dep: provider.docker
2016/04/10 21:45:35 [DEBUG] vertex root.docker_image.ubuntu: walking
2016/04/10 21:45:35 [DEBUG] vertex root.docker_image.ubuntu: evaluating
2016/04/10 21:45:35 [TRACE] [walkRefresh] Entering eval tree: docker_image.ubuntu
2016/04/10 21:45:35 [DEBUG] root: eval: *terraform.EvalSequence
2016/04/10 21:45:35 [DEBUG] root: eval: *terraform.EvalInterpolate
2016/04/10 21:45:35 [DEBUG] root: eval: terraform.EvalNoop
2016/04/10 21:45:35 [DEBUG] root: eval: *terraform.EvalCountFixZeroOneBoundary
2016/04/10 21:45:35 [TRACE] [walkRefresh] Exiting eval tree: docker_image.ubuntu
2016/04/10 21:45:35 [DEBUG] vertex root.docker_image.ubuntu: expanding/walking dynamic subgraph
2016/04/10 21:45:35 [TRACE] Graph after step *terraform.ResourceCountTransformer:

docker_image.ubuntu
2016/04/10 21:45:35 [TRACE] Graph after step *terraform.TargetsTransformer:

docker_image.ubuntu
2016/04/10 21:45:35 [TRACE] Graph after step *terraform.RootTransformer:

docker_image.ubuntu
2016/04/10 21:45:35 [DEBUG] vertex root.docker_image.ubuntu: walking
2016/04/10 21:45:35 [DEBUG] vertex root.docker_image.ubuntu: evaluating
2016/04/10 21:45:35 [TRACE] [walkRefresh] Entering eval tree: docker_image.ubuntu
2016/04/10 21:45:35 [DEBUG] root: eval: *terraform.EvalSequence
2016/04/10 21:45:35 [DEBUG] root: eval: terraform.EvalNoop
2016/04/10 21:45:35 [DEBUG] root: eval: *terraform.EvalInstanceInfo
2016/04/10 21:45:35 [DEBUG] root: eval: *terraform.EvalOpFilter
2016/04/10 21:45:35 [DEBUG] root: eval: *terraform.EvalSequence
2016/04/10 21:45:35 [DEBUG] root: eval: *terraform.EvalGetProvider
2016/04/10 21:45:35 [DEBUG] root: eval: *terraform.EvalReadState
2016/04/10 21:45:35 [DEBUG] root: eval: *terraform.EvalRefresh
2016/04/10 21:45:35 [DEBUG] root: eval: *terraform.EvalWriteState
2016/04/10 21:45:35 [DEBUG] root: eval: terraform.EvalNoop
2016/04/10 21:45:35 [DEBUG] root: eval: terraform.EvalNoop
2016/04/10 21:45:35 [DEBUG] root: eval: terraform.EvalNoop
2016/04/10 21:45:35 [TRACE] [walkRefresh] Exiting eval tree: docker_image.ubuntu
2016/04/10 21:45:35 [DEBUG] vertex docker_container.ubuntu, got dep: docker_image.ubuntu
2016/04/10 21:45:35 [DEBUG] vertex root.docker_container.ubuntu: walking
2016/04/10 21:45:35 [DEBUG] vertex root.docker_container.ubuntu: evaluating
2016/04/10 21:45:35 [TRACE] [walkRefresh] Entering eval tree: docker_container.ubuntu
2016/04/10 21:45:35 [DEBUG] root: eval: *terraform.EvalSequence
2016/04/10 21:45:35 [DEBUG] root: eval: *terraform.EvalInterpolate
2016/04/10 21:45:35 [DEBUG] root: eval: terraform.EvalNoop
2016/04/10 21:45:35 [DEBUG] root: eval: *terraform.EvalCountFixZeroOneBoundary
2016/04/10 21:45:35 [TRACE] [walkRefresh] Exiting eval tree: docker_container.ubuntu
2016/04/10 21:45:35 [DEBUG] vertex root.docker_container.ubuntu: expanding/walking dynamic subgraph
2016/04/10 21:45:35 [TRACE] Graph after step *terraform.ResourceCountTransformer:

docker_container.ubuntu
2016/04/10 21:45:35 [TRACE] Graph after step *terraform.TargetsTransformer:

docker_container.ubuntu
2016/04/10 21:45:35 [TRACE] Graph after step *terraform.RootTransformer:

docker_container.ubuntu
2016/04/10 21:45:35 [DEBUG] vertex root.docker_container.ubuntu: walking
2016/04/10 21:45:35 [DEBUG] vertex root.docker_container.ubuntu: evaluating
2016/04/10 21:45:35 [TRACE] [walkRefresh] Entering eval tree: docker_container.ubuntu
2016/04/10 21:45:35 [DEBUG] root: eval: *terraform.EvalSequence
2016/04/10 21:45:35 [DEBUG] root: eval: terraform.EvalNoop
2016/04/10 21:45:35 [DEBUG] root: eval: *terraform.EvalInstanceInfo
2016/04/10 21:45:35 [DEBUG] root: eval: *terraform.EvalOpFilter
2016/04/10 21:45:35 [DEBUG] root: eval: *terraform.EvalSequence
2016/04/10 21:45:35 [DEBUG] root: eval: *terraform.EvalGetProvider
2016/04/10 21:45:35 [DEBUG] root: eval: *terraform.EvalReadState
2016/04/10 21:45:35 [DEBUG] root: eval: *terraform.EvalRefresh
2016/04/10 21:45:35 [DEBUG] refresh: docker_container.ubuntu: no state, not refreshing
2016/04/10 21:45:35 [DEBUG] root: eval: *terraform.EvalWriteState
2016/04/10 21:45:35 [DEBUG] root: eval: terraform.EvalNoop
2016/04/10 21:45:35 [DEBUG] root: eval: terraform.EvalNoop
2016/04/10 21:45:35 [DEBUG] root: eval: terraform.EvalNoop
2016/04/10 21:45:35 [TRACE] [walkRefresh] Exiting eval tree: docker_container.ubuntu
2016/04/10 21:45:35 [DEBUG] vertex provider.docker (close), got dep: docker_container.ubuntu
2016/04/10 21:45:35 [DEBUG] vertex root.provider.docker (close): walking
2016/04/10 21:45:35 [DEBUG] vertex root.provider.docker (close): evaluating
2016/04/10 21:45:35 [TRACE] [walkRefresh] Entering eval tree: provider.docker (close)
2016/04/10 21:45:35 [DEBUG] root: eval: *terraform.EvalCloseProvider
2016/04/10 21:45:35 [TRACE] [walkRefresh] Exiting eval tree: provider.docker (close)
2016/04/10 21:45:35 [TRACE] Graph after step *terraform.ConfigTransformer:

docker_container.ubuntu
  docker_image.ubuntu
docker_image.ubuntu
2016/04/10 21:45:35 [TRACE] Graph after step *terraform.OrphanTransformer:

docker_container.ubuntu
  docker_image.ubuntu
docker_image.ubuntu
2016/04/10 21:45:35 [TRACE] Graph after step *terraform.AddOutputOrphanTransformer:

docker_container.ubuntu
  docker_image.ubuntu
docker_image.ubuntu
2016/04/10 21:45:35 [TRACE] Graph after step *terraform.MissingProviderTransformer:

docker_container.ubuntu
  docker_image.ubuntu
docker_image.ubuntu
provider.docker
2016/04/10 21:45:35 [TRACE] Graph after step *terraform.ProviderTransformer:

docker_container.ubuntu
  docker_image.ubuntu
  provider.docker
docker_image.ubuntu
  provider.docker
provider.docker
2016/04/10 21:45:35 [TRACE] Graph after step *terraform.DisableProviderTransformer:

docker_container.ubuntu
  docker_image.ubuntu
  provider.docker
docker_image.ubuntu
  provider.docker
provider.docker
2016/04/10 21:45:35 [TRACE] Graph after step *terraform.MissingProvisionerTransformer:

docker_container.ubuntu
  docker_image.ubuntu
  provider.docker
docker_image.ubuntu
  provider.docker
provider.docker
2016/04/10 21:45:35 [TRACE] Graph after step *terraform.ProvisionerTransformer:

docker_container.ubuntu
  docker_image.ubuntu
  provider.docker
docker_image.ubuntu
  provider.docker
provider.docker
2016/04/10 21:45:35 [TRACE] Graph after step *terraform.VertexTransformer:

docker_container.ubuntu
  docker_image.ubuntu
  provider.docker
docker_image.ubuntu
  provider.docker
provider.docker
2016/04/10 21:45:35 [TRACE] Graph after step *terraform.FlattenTransformer:

docker_container.ubuntu
  docker_image.ubuntu
  provider.docker
docker_image.ubuntu
  provider.docker
provider.docker
2016/04/10 21:45:35 [TRACE] Graph after step *terraform.ProxyTransformer:

docker_container.ubuntu
  docker_image.ubuntu
  provider.docker
docker_image.ubuntu
  provider.docker
provider.docker
2016/04/10 21:45:35 [TRACE] Graph after step *terraform.TargetsTransformer:

docker_container.ubuntu
  docker_image.ubuntu
  provider.docker
docker_image.ubuntu
  provider.docker
provider.docker
2016/04/10 21:45:35 [TRACE] Graph after step *terraform.PruneProviderTransformer:

docker_container.ubuntu
  docker_image.ubuntu
  provider.docker
docker_image.ubuntu
  provider.docker
provider.docker
2016/04/10 21:45:35 [TRACE] Graph after step *terraform.DestroyTransformer:

docker_container.ubuntu
  docker_container.ubuntu (destroy tainted)
  docker_container.ubuntu (destroy)
  docker_image.ubuntu
  provider.docker
docker_container.ubuntu (destroy tainted)
  provider.docker
docker_container.ubuntu (destroy)
  provider.docker
docker_image.ubuntu
  docker_image.ubuntu (destroy tainted)
  docker_image.ubuntu (destroy)
  provider.docker
docker_image.ubuntu (destroy tainted)
  docker_container.ubuntu (destroy tainted)
  provider.docker
docker_image.ubuntu (destroy)
  docker_container.ubuntu (destroy)
  provider.docker
provider.docker
2016/04/10 21:45:35 [TRACE] Graph after step *terraform.CreateBeforeDestroyTransformer:

docker_container.ubuntu
  docker_container.ubuntu (destroy tainted)
  docker_container.ubuntu (destroy)
  docker_image.ubuntu
  provider.docker
docker_container.ubuntu (destroy tainted)
  provider.docker
docker_container.ubuntu (destroy)
  provider.docker
docker_image.ubuntu
  docker_image.ubuntu (destroy tainted)
  docker_image.ubuntu (destroy)
  provider.docker
docker_image.ubuntu (destroy tainted)
  docker_container.ubuntu (destroy tainted)
  provider.docker
docker_image.ubuntu (destroy)
  docker_container.ubuntu (destroy)
  provider.docker
provider.docker
2016/04/10 21:45:35 [TRACE] Graph after step *terraform.PruneDestroyTransformer:

docker_container.ubuntu
  docker_image.ubuntu
  provider.docker
docker_image.ubuntu
  provider.docker
provider.docker
2016/04/10 21:45:35 [TRACE] Graph after step *terraform.PruneNoopTransformer:

docker_container.ubuntu
  docker_image.ubuntu
  provider.docker
docker_image.ubuntu
  provider.docker
provider.docker
2016/04/10 21:45:35 [TRACE] Graph after step *terraform.CloseProviderTransformer:

docker_container.ubuntu
  docker_image.ubuntu
  provider.docker
docker_image.ubuntu
  provider.docker
provider.docker
provider.docker (close)
  docker_container.ubuntu
  docker_image.ubuntu
  provider.docker
2016/04/10 21:45:35 [TRACE] Graph after step *terraform.CloseProvisionerTransformer:

docker_container.ubuntu
  docker_image.ubuntu
  provider.docker
docker_image.ubuntu
  provider.docker
provider.docker
provider.docker (close)
  docker_container.ubuntu
  docker_image.ubuntu
  provider.docker
2016/04/10 21:45:35 [TRACE] Graph after step *terraform.TransitiveReductionTransformer:

docker_container.ubuntu
  docker_image.ubuntu
docker_image.ubuntu
  provider.docker
provider.docker
provider.docker (close)
  docker_container.ubuntu
2016/04/10 21:45:35 [TRACE] Graph after step *terraform.RootTransformer:

docker_container.ubuntu
  docker_image.ubuntu
docker_image.ubuntu
  provider.docker
provider.docker
provider.docker (close)
  docker_container.ubuntu
2016/04/10 21:45:35 [DEBUG] Starting graph walk: walkPlan
2016/04/10 21:45:35 [DEBUG] vertex root.provider.docker: walking
2016/04/10 21:45:35 [DEBUG] vertex root.provider.docker: evaluating
2016/04/10 21:45:35 [TRACE] [walkPlan] Entering eval tree: provider.docker
2016/04/10 21:45:35 [DEBUG] root: eval: *terraform.EvalSequence
2016/04/10 21:45:35 [DEBUG] root: eval: *terraform.EvalInitProvider
2016/04/10 21:45:35 [DEBUG] root: eval: terraform.EvalNoop
2016/04/10 21:45:35 [DEBUG] root: eval: terraform.EvalNoop
2016/04/10 21:45:35 [DEBUG] root: eval: *terraform.EvalOpFilter
2016/04/10 21:45:35 [DEBUG] root: eval: *terraform.EvalSequence
2016/04/10 21:45:35 [DEBUG] root: eval: *terraform.EvalGetProvider
2016/04/10 21:45:35 [DEBUG] root: eval: *terraform.EvalInterpolate
2016/04/10 21:45:35 [DEBUG] root: eval: *terraform.EvalBuildProviderConfig
2016/04/10 21:45:35 [DEBUG] root: eval: *terraform.EvalSetProviderConfig
2016/04/10 21:45:35 [DEBUG] root: eval: *terraform.EvalOpFilter
2016/04/10 21:45:35 [DEBUG] root: eval: *terraform.EvalSequence
2016/04/10 21:45:35 [DEBUG] root: eval: *terraform.EvalConfigProvider
2016/04/10 21:45:35 [TRACE] [walkPlan] Exiting eval tree: provider.docker
2016/04/10 21:45:35 [DEBUG] vertex docker_image.ubuntu, got dep: provider.docker
2016/04/10 21:45:35 [DEBUG] vertex root.docker_image.ubuntu: walking
2016/04/10 21:45:35 [DEBUG] vertex root.docker_image.ubuntu: evaluating
2016/04/10 21:45:35 [TRACE] [walkPlan] Entering eval tree: docker_image.ubuntu
2016/04/10 21:45:35 [DEBUG] root: eval: *terraform.EvalSequence
2016/04/10 21:45:35 [DEBUG] root: eval: *terraform.EvalInterpolate
2016/04/10 21:45:35 [DEBUG] root: eval: terraform.EvalNoop
2016/04/10 21:45:35 [DEBUG] root: eval: *terraform.EvalCountFixZeroOneBoundary
2016/04/10 21:45:35 [TRACE] [walkPlan] Exiting eval tree: docker_image.ubuntu
2016/04/10 21:45:35 [DEBUG] vertex root.docker_image.ubuntu: expanding/walking dynamic subgraph
2016/04/10 21:45:35 [TRACE] Graph after step *terraform.ResourceCountTransformer:

docker_image.ubuntu
2016/04/10 21:45:35 [TRACE] Graph after step *terraform.TargetsTransformer:

docker_image.ubuntu
2016/04/10 21:45:35 [TRACE] Graph after step *terraform.RootTransformer:

docker_image.ubuntu
2016/04/10 21:45:35 [DEBUG] vertex root.docker_image.ubuntu: walking
2016/04/10 21:45:35 [DEBUG] vertex root.docker_image.ubuntu: evaluating
2016/04/10 21:45:35 [TRACE] [walkPlan] Entering eval tree: docker_image.ubuntu
2016/04/10 21:45:35 [DEBUG] root: eval: *terraform.EvalSequence
2016/04/10 21:45:35 [DEBUG] root: eval: terraform.EvalNoop
2016/04/10 21:45:35 [DEBUG] root: eval: *terraform.EvalInstanceInfo
2016/04/10 21:45:35 [DEBUG] root: eval: terraform.EvalNoop
2016/04/10 21:45:35 [DEBUG] root: eval: *terraform.EvalOpFilter
2016/04/10 21:45:35 [DEBUG] root: eval: *terraform.EvalSequence
2016/04/10 21:45:35 [DEBUG] root: eval: *terraform.EvalInterpolate
2016/04/10 21:45:35 [DEBUG] root: eval: *terraform.EvalGetProvider
2016/04/10 21:45:35 [DEBUG] root: eval: *terraform.EvalReadState
2016/04/10 21:45:35 [DEBUG] root: eval: *terraform.EvalDiff
2016/04/10 21:45:35 [DEBUG] root: eval: *terraform.EvalCheckPreventDestroy
2016/04/10 21:45:35 [DEBUG] root: eval: *terraform.EvalIgnoreChanges
2016/04/10 21:45:35 [DEBUG] root: eval: *terraform.EvalWriteState
2016/04/10 21:45:35 [DEBUG] root: eval: *terraform.EvalDiffTainted
2016/04/10 21:45:35 [DEBUG] root: eval: *terraform.EvalWriteDiff
2016/04/10 21:45:35 [DEBUG] root: eval: terraform.EvalNoop
2016/04/10 21:45:35 [DEBUG] root: eval: terraform.EvalNoop
2016/04/10 21:45:35 [TRACE] [walkPlan] Exiting eval tree: docker_image.ubuntu
2016/04/10 21:45:35 [DEBUG] vertex docker_container.ubuntu, got dep: docker_image.ubuntu
2016/04/10 21:45:35 [DEBUG] vertex root.docker_container.ubuntu: walking
2016/04/10 21:45:35 [DEBUG] vertex root.docker_container.ubuntu: evaluating
2016/04/10 21:45:35 [TRACE] [walkPlan] Entering eval tree: docker_container.ubuntu
2016/04/10 21:45:35 [DEBUG] root: eval: *terraform.EvalSequence
2016/04/10 21:45:35 [DEBUG] root: eval: *terraform.EvalInterpolate
2016/04/10 21:45:35 [DEBUG] root: eval: terraform.EvalNoop
2016/04/10 21:45:35 [DEBUG] root: eval: *terraform.EvalCountFixZeroOneBoundary
2016/04/10 21:45:35 [TRACE] [walkPlan] Exiting eval tree: docker_container.ubuntu
2016/04/10 21:45:35 [DEBUG] vertex root.docker_container.ubuntu: expanding/walking dynamic subgraph
2016/04/10 21:45:35 [TRACE] Graph after step *terraform.ResourceCountTransformer:

docker_container.ubuntu
2016/04/10 21:45:35 [TRACE] Graph after step *terraform.TargetsTransformer:

docker_container.ubuntu
2016/04/10 21:45:35 [TRACE] Graph after step *terraform.RootTransformer:

docker_container.ubuntu
2016/04/10 21:45:35 [DEBUG] vertex root.docker_container.ubuntu: walking
2016/04/10 21:45:35 [DEBUG] vertex root.docker_container.ubuntu: evaluating
2016/04/10 21:45:35 [TRACE] [walkPlan] Entering eval tree: docker_container.ubuntu
2016/04/10 21:45:35 [DEBUG] root: eval: *terraform.EvalSequence
2016/04/10 21:45:35 [DEBUG] root: eval: terraform.EvalNoop
2016/04/10 21:45:35 [DEBUG] root: eval: *terraform.EvalInstanceInfo
2016/04/10 21:45:35 [DEBUG] root: eval: terraform.EvalNoop
2016/04/10 21:45:35 [DEBUG] root: eval: *terraform.EvalOpFilter
2016/04/10 21:45:35 [DEBUG] root: eval: *terraform.EvalSequence
2016/04/10 21:45:35 [DEBUG] root: eval: *terraform.EvalInterpolate
2016/04/10 21:45:35 [DEBUG] root: eval: *terraform.EvalGetProvider
2016/04/10 21:45:35 [DEBUG] root: eval: *terraform.EvalReadState
2016/04/10 21:45:35 [DEBUG] root: eval: *terraform.EvalDiff
2016/04/10 21:45:35 [DEBUG] root: eval: *terraform.EvalCheckPreventDestroy
2016/04/10 21:45:35 [DEBUG] root: eval: *terraform.EvalIgnoreChanges
2016/04/10 21:45:35 [DEBUG] root: eval: *terraform.EvalWriteState
2016/04/10 21:45:35 [DEBUG] root: eval: *terraform.EvalDiffTainted
2016/04/10 21:45:35 [DEBUG] root: eval: *terraform.EvalWriteDiff
2016/04/10 21:45:35 [DEBUG] root: eval: terraform.EvalNoop
2016/04/10 21:45:35 [DEBUG] root: eval: terraform.EvalNoop
2016/04/10 21:45:35 [TRACE] [walkPlan] Exiting eval tree: docker_container.ubuntu
2016/04/10 21:45:35 [DEBUG] vertex provider.docker (close), got dep: docker_container.ubuntu
2016/04/10 21:45:35 [DEBUG] vertex root.provider.docker (close): walking
2016/04/10 21:45:35 [DEBUG] vertex root.provider.docker (close): evaluating
2016/04/10 21:45:35 [TRACE] [walkPlan] Entering eval tree: provider.docker (close)
2016/04/10 21:45:35 [DEBUG] root: eval: *terraform.EvalCloseProvider
2016/04/10 21:45:35 [TRACE] [walkPlan] Exiting eval tree: provider.docker (close)
2016/04/10 21:45:35 [TRACE] Graph after step *terraform.ConfigTransformer:

docker_container.ubuntu
  docker_image.ubuntu
docker_image.ubuntu
2016/04/10 21:45:35 [TRACE] Graph after step *terraform.OrphanTransformer:

docker_container.ubuntu
  docker_image.ubuntu
docker_image.ubuntu
2016/04/10 21:45:35 [TRACE] Graph after step *terraform.AddOutputOrphanTransformer:

docker_container.ubuntu
  docker_image.ubuntu
docker_image.ubuntu
2016/04/10 21:45:35 [TRACE] Graph after step *terraform.MissingProviderTransformer:

docker_container.ubuntu
  docker_image.ubuntu
docker_image.ubuntu
provider.docker
2016/04/10 21:45:35 [TRACE] Graph after step *terraform.ProviderTransformer:

docker_container.ubuntu
  docker_image.ubuntu
  provider.docker
docker_image.ubuntu
  provider.docker
provider.docker
2016/04/10 21:45:35 [TRACE] Graph after step *terraform.DisableProviderTransformer:

docker_container.ubuntu
  docker_image.ubuntu
  provider.docker
docker_image.ubuntu
  provider.docker
provider.docker
2016/04/10 21:45:35 [TRACE] Graph after step *terraform.MissingProvisionerTransformer:

docker_container.ubuntu
  docker_image.ubuntu
  provider.docker
docker_image.ubuntu
  provider.docker
provider.docker
2016/04/10 21:45:35 [TRACE] Graph after step *terraform.ProvisionerTransformer:

docker_container.ubuntu
  docker_image.ubuntu
  provider.docker
docker_image.ubuntu
  provider.docker
provider.docker
2016/04/10 21:45:35 [TRACE] Graph after step *terraform.VertexTransformer:

docker_container.ubuntu
  docker_image.ubuntu
  provider.docker
docker_image.ubuntu
  provider.docker
provider.docker
2016/04/10 21:45:35 [TRACE] Graph after step *terraform.FlattenTransformer:

docker_container.ubuntu
  docker_image.ubuntu
  provider.docker
docker_image.ubuntu
  provider.docker
provider.docker
2016/04/10 21:45:35 [TRACE] Graph after step *terraform.ProxyTransformer:

docker_container.ubuntu
  docker_image.ubuntu
  provider.docker
docker_image.ubuntu
  provider.docker
provider.docker
2016/04/10 21:45:35 [TRACE] Graph after step *terraform.TargetsTransformer:

docker_container.ubuntu
  docker_image.ubuntu
  provider.docker
docker_image.ubuntu
  provider.docker
provider.docker
2016/04/10 21:45:35 [TRACE] Graph after step *terraform.PruneProviderTransformer:

docker_container.ubuntu
  docker_image.ubuntu
  provider.docker
docker_image.ubuntu
  provider.docker
provider.docker
2016/04/10 21:45:35 [TRACE] Graph after step *terraform.DestroyTransformer:

docker_container.ubuntu
  docker_container.ubuntu (destroy tainted)
  docker_container.ubuntu (destroy)
  docker_image.ubuntu
  provider.docker
docker_container.ubuntu (destroy tainted)
  provider.docker
docker_container.ubuntu (destroy)
  provider.docker
docker_image.ubuntu
  docker_image.ubuntu (destroy tainted)
  docker_image.ubuntu (destroy)
  provider.docker
docker_image.ubuntu (destroy tainted)
  docker_container.ubuntu (destroy tainted)
  provider.docker
docker_image.ubuntu (destroy)
  docker_container.ubuntu (destroy)
  provider.docker
provider.docker
2016/04/10 21:45:35 [TRACE] Graph after step *terraform.CreateBeforeDestroyTransformer:

docker_container.ubuntu
  docker_container.ubuntu (destroy tainted)
  docker_container.ubuntu (destroy)
  docker_image.ubuntu
  provider.docker
docker_container.ubuntu (destroy tainted)
  provider.docker
docker_container.ubuntu (destroy)
  provider.docker
docker_image.ubuntu
  docker_image.ubuntu (destroy tainted)
  docker_image.ubuntu (destroy)
  provider.docker
docker_image.ubuntu (destroy tainted)
  docker_container.ubuntu (destroy tainted)
  provider.docker
docker_image.ubuntu (destroy)
  docker_container.ubuntu (destroy)
  provider.docker
provider.docker
2016/04/10 21:45:35 [TRACE] Graph after step *terraform.PruneDestroyTransformer:

docker_container.ubuntu
  docker_image.ubuntu
  provider.docker
docker_image.ubuntu
  provider.docker
provider.docker
2016/04/10 21:45:35 [TRACE] Graph after step *terraform.PruneNoopTransformer:

docker_container.ubuntu
  provider.docker
provider.docker
2016/04/10 21:45:35 [TRACE] Graph after step *terraform.CloseProviderTransformer:

docker_container.ubuntu
  provider.docker
provider.docker
provider.docker (close)
  docker_container.ubuntu
  provider.docker
2016/04/10 21:45:35 [TRACE] Graph after step *terraform.CloseProvisionerTransformer:

docker_container.ubuntu
  provider.docker
provider.docker
provider.docker (close)
  docker_container.ubuntu
  provider.docker
2016/04/10 21:45:35 [TRACE] Graph after step *terraform.TransitiveReductionTransformer:

docker_container.ubuntu
  provider.docker
provider.docker
provider.docker (close)
  docker_container.ubuntu
2016/04/10 21:45:35 [TRACE] Graph after step *terraform.RootTransformer:

docker_container.ubuntu
  provider.docker
provider.docker
provider.docker (close)
  docker_container.ubuntu
2016/04/10 21:45:35 [TRACE] Graph after step *terraform.ConfigTransformer:

docker_container.ubuntu
  docker_image.ubuntu
docker_image.ubuntu
2016/04/10 21:45:35 [TRACE] Graph after step *terraform.OrphanTransformer:

docker_container.ubuntu
  docker_image.ubuntu
docker_image.ubuntu
2016/04/10 21:45:35 [TRACE] Graph after step *terraform.AddOutputOrphanTransformer:

docker_container.ubuntu
  docker_image.ubuntu
docker_image.ubuntu
2016/04/10 21:45:35 [TRACE] Graph after step *terraform.MissingProviderTransformer:

docker_container.ubuntu
  docker_image.ubuntu
docker_image.ubuntu
provider.docker
2016/04/10 21:45:35 [TRACE] Graph after step *terraform.ProviderTransformer:

docker_container.ubuntu
  docker_image.ubuntu
  provider.docker
docker_image.ubuntu
  provider.docker
provider.docker
2016/04/10 21:45:35 [TRACE] Graph after step *terraform.DisableProviderTransformer:

docker_container.ubuntu
  docker_image.ubuntu
  provider.docker
docker_image.ubuntu
  provider.docker
provider.docker
2016/04/10 21:45:35 [TRACE] Graph after step *terraform.MissingProvisionerTransformer:

docker_container.ubuntu
  docker_image.ubuntu
  provider.docker
docker_image.ubuntu
  provider.docker
provider.docker
2016/04/10 21:45:35 [TRACE] Graph after step *terraform.ProvisionerTransformer:

docker_container.ubuntu
  docker_image.ubuntu
  provider.docker
docker_image.ubuntu
  provider.docker
provider.docker
2016/04/10 21:45:35 [TRACE] Graph after step *terraform.VertexTransformer:

docker_container.ubuntu
  docker_image.ubuntu
  provider.docker
docker_image.ubuntu
  provider.docker
provider.docker
2016/04/10 21:45:35 [TRACE] Graph after step *terraform.FlattenTransformer:

docker_container.ubuntu
  docker_image.ubuntu
  provider.docker
docker_image.ubuntu
  provider.docker
provider.docker
2016/04/10 21:45:35 [TRACE] Graph after step *terraform.ProxyTransformer:

docker_container.ubuntu
  docker_image.ubuntu
  provider.docker
docker_image.ubuntu
  provider.docker
provider.docker
2016/04/10 21:45:35 [TRACE] Graph after step *terraform.TargetsTransformer:

docker_container.ubuntu
  docker_image.ubuntu
  provider.docker
docker_image.ubuntu
  provider.docker
provider.docker
2016/04/10 21:45:35 [TRACE] Graph after step *terraform.PruneProviderTransformer:

docker_container.ubuntu
  docker_image.ubuntu
  provider.docker
docker_image.ubuntu
  provider.docker
provider.docker
2016/04/10 21:45:35 [TRACE] Graph after step *terraform.DestroyTransformer:

docker_container.ubuntu
  docker_container.ubuntu (destroy tainted)
  docker_container.ubuntu (destroy)
  docker_image.ubuntu
  provider.docker
docker_container.ubuntu (destroy tainted)
  provider.docker
docker_container.ubuntu (destroy)
  provider.docker
docker_image.ubuntu
  docker_image.ubuntu (destroy tainted)
  docker_image.ubuntu (destroy)
  provider.docker
docker_image.ubuntu (destroy tainted)
  docker_container.ubuntu (destroy tainted)
  provider.docker
docker_image.ubuntu (destroy)
  docker_container.ubuntu (destroy)
  provider.docker
provider.docker
2016/04/10 21:45:35 [TRACE] Graph after step *terraform.CreateBeforeDestroyTransformer:

docker_container.ubuntu
  docker_container.ubuntu (destroy tainted)
  docker_container.ubuntu (destroy)
  docker_image.ubuntu
  provider.docker
docker_container.ubuntu (destroy tainted)
  provider.docker
docker_container.ubuntu (destroy)
  provider.docker
docker_image.ubuntu
  docker_image.ubuntu (destroy tainted)
  docker_image.ubuntu (destroy)
  provider.docker
docker_image.ubuntu (destroy tainted)
  docker_container.ubuntu (destroy tainted)
  provider.docker
docker_image.ubuntu (destroy)
  docker_container.ubuntu (destroy)
  provider.docker
provider.docker
2016/04/10 21:45:35 [TRACE] Graph after step *terraform.PruneDestroyTransformer:

docker_container.ubuntu
  docker_image.ubuntu
  provider.docker
docker_image.ubuntu
  provider.docker
provider.docker
2016/04/10 21:45:35 [TRACE] Graph after step *terraform.PruneNoopTransformer:

docker_container.ubuntu
  provider.docker
provider.docker
2016/04/10 21:45:35 [TRACE] Graph after step *terraform.CloseProviderTransformer:

docker_container.ubuntu
  provider.docker
provider.docker
provider.docker (close)
  docker_container.ubuntu
  provider.docker
2016/04/10 21:45:35 [TRACE] Graph after step *terraform.CloseProvisionerTransformer:

docker_container.ubuntu
  provider.docker
provider.docker
provider.docker (close)
  docker_container.ubuntu
  provider.docker
2016/04/10 21:45:35 [TRACE] Graph after step *terraform.TransitiveReductionTransformer:

docker_container.ubuntu
  provider.docker
provider.docker
provider.docker (close)
  docker_container.ubuntu
2016/04/10 21:45:35 [TRACE] Graph after step *terraform.RootTransformer:

docker_container.ubuntu
  provider.docker
provider.docker
provider.docker (close)
  docker_container.ubuntu
2016/04/10 21:45:35 [DEBUG] Starting graph walk: walkApply
2016/04/10 21:45:35 [DEBUG] vertex root.provider.docker: walking
2016/04/10 21:45:35 [DEBUG] vertex root.provider.docker: evaluating
2016/04/10 21:45:35 [TRACE] [walkApply] Entering eval tree: provider.docker
2016/04/10 21:45:35 [DEBUG] root: eval: *terraform.EvalSequence
2016/04/10 21:45:35 [DEBUG] root: eval: *terraform.EvalInitProvider
2016/04/10 21:45:35 [DEBUG] root: eval: terraform.EvalNoop
2016/04/10 21:45:35 [DEBUG] root: eval: terraform.EvalNoop
2016/04/10 21:45:35 [DEBUG] root: eval: *terraform.EvalOpFilter
2016/04/10 21:45:35 [DEBUG] root: eval: *terraform.EvalSequence
2016/04/10 21:45:35 [DEBUG] root: eval: *terraform.EvalGetProvider
2016/04/10 21:45:35 [DEBUG] root: eval: *terraform.EvalInterpolate
2016/04/10 21:45:35 [DEBUG] root: eval: *terraform.EvalBuildProviderConfig
2016/04/10 21:45:35 [DEBUG] root: eval: *terraform.EvalSetProviderConfig
2016/04/10 21:45:35 [DEBUG] root: eval: *terraform.EvalOpFilter
2016/04/10 21:45:35 [DEBUG] root: eval: *terraform.EvalSequence
2016/04/10 21:45:35 [DEBUG] root: eval: *terraform.EvalConfigProvider
2016/04/10 21:45:35 [TRACE] [walkApply] Exiting eval tree: provider.docker
2016/04/10 21:45:35 [DEBUG] vertex docker_container.ubuntu, got dep: provider.docker
2016/04/10 21:45:35 [DEBUG] vertex root.docker_container.ubuntu: walking
2016/04/10 21:45:35 [DEBUG] vertex root.docker_container.ubuntu: evaluating
2016/04/10 21:45:35 [TRACE] [walkApply] Entering eval tree: docker_container.ubuntu
2016/04/10 21:45:35 [DEBUG] root: eval: *terraform.EvalSequence
2016/04/10 21:45:35 [DEBUG] root: eval: *terraform.EvalInterpolate
2016/04/10 21:45:35 [DEBUG] root: eval: terraform.EvalNoop
2016/04/10 21:45:35 [DEBUG] root: eval: *terraform.EvalCountFixZeroOneBoundary
2016/04/10 21:45:35 [TRACE] [walkApply] Exiting eval tree: docker_container.ubuntu
2016/04/10 21:45:35 [DEBUG] vertex root.docker_container.ubuntu: expanding/walking dynamic subgraph
2016/04/10 21:45:35 [TRACE] Graph after step *terraform.ResourceCountTransformer:

docker_container.ubuntu
2016/04/10 21:45:35 [TRACE] Graph after step *terraform.TargetsTransformer:

docker_container.ubuntu
2016/04/10 21:45:35 [TRACE] Graph after step *terraform.RootTransformer:

docker_container.ubuntu
2016/04/10 21:45:35 [DEBUG] vertex root.docker_container.ubuntu: walking
2016/04/10 21:45:35 [DEBUG] vertex root.docker_container.ubuntu: evaluating
2016/04/10 21:45:35 [TRACE] [walkApply] Entering eval tree: docker_container.ubuntu
2016/04/10 21:45:35 [DEBUG] root: eval: *terraform.EvalSequence
2016/04/10 21:45:35 [DEBUG] root: eval: terraform.EvalNoop
2016/04/10 21:45:35 [DEBUG] root: eval: *terraform.EvalInstanceInfo
2016/04/10 21:45:35 [DEBUG] root: eval: terraform.EvalNoop
2016/04/10 21:45:35 [DEBUG] root: eval: terraform.EvalNoop
2016/04/10 21:45:35 [DEBUG] root: eval: terraform.EvalNoop
2016/04/10 21:45:35 [DEBUG] root: eval: *terraform.EvalOpFilter
2016/04/10 21:45:35 [DEBUG] root: eval: *terraform.EvalSequence
2016/04/10 21:45:35 [DEBUG] root: eval: *terraform.EvalReadDiff
2016/04/10 21:45:35 [DEBUG] root: eval: *terraform.EvalIf
2016/04/10 21:45:35 [DEBUG] root: eval: terraform.EvalNoop
2016/04/10 21:45:35 [DEBUG] root: eval: *terraform.EvalIf
2016/04/10 21:45:35 [DEBUG] root: eval: *terraform.EvalInterpolate
2016/04/10 21:45:35 [DEBUG] root: eval: *terraform.EvalGetProvider
2016/04/10 21:45:35 [DEBUG] root: eval: *terraform.EvalReadState
2016/04/10 21:45:35 [DEBUG] root: eval: *terraform.EvalDiff
2016/04/10 21:45:35 [DEBUG] root: eval: *terraform.EvalIgnoreChanges
2016/04/10 21:45:35 [DEBUG] root: eval: *terraform.EvalReadDiff
2016/04/10 21:45:35 [DEBUG] root: eval: *terraform.EvalCompareDiff
2016/04/10 21:45:35 [DEBUG] root: eval: *terraform.EvalGetProvider
2016/04/10 21:45:35 [DEBUG] root: eval: *terraform.EvalReadState
2016/04/10 21:45:35 [DEBUG] root: eval: *terraform.EvalApply
2016/04/10 21:45:35 [DEBUG] apply: docker_container.ubuntu: executing Apply
2016/04/10 21:45:35 [DEBUG] terraform-provider-docker: panic: interface conversion: interface is nil, not string
2016/04/10 21:45:35 [DEBUG] terraform-provider-docker: 
2016/04/10 21:45:35 [DEBUG] terraform-provider-docker: goroutine 97 [running]:
2016/04/10 21:45:35 [DEBUG] terraform-provider-docker: panic(0x69f160, 0xc82040c480)
2016/04/10 21:45:35 [DEBUG] terraform-provider-docker: 	/opt/go/src/runtime/panic.go:464 +0x3e6
2016/04/10 21:45:35 [DEBUG] terraform-provider-docker: github.com/hashicorp/terraform/builtin/providers/docker.stringListToStringSlice(0xc8203da330, 0x1, 0x1, 0x0, 0x0, 0x0)
2016/04/10 21:45:35 [DEBUG] terraform-provider-docker: 	/opt/gopath/src/github.com/hashicorp/terraform/builtin/providers/docker/resource_docker_container_funcs.go:268 +0x122
2016/04/10 21:45:35 [DEBUG] terraform-provider-docker: github.com/hashicorp/terraform/builtin/providers/docker.resourceDockerContainerCreate(0xc8203f5b00, 0x76cf60, 0xc8203b4630, 0x0, 0x0)
2016/04/10 21:45:35 [DEBUG] terraform-provider-docker: 	/opt/gopath/src/github.com/hashicorp/terraform/builtin/providers/docker/resource_docker_container_funcs.go:53 +0x77a
2016/04/10 21:45:35 [DEBUG] terraform-provider-docker: github.com/hashicorp/terraform/helper/schema.(*Resource).Apply(0xc82018ebc0, 0xc8204033b0, 0xc8201faa50, 0x76cf60, 0xc8203b4630, 0xc820403401, 0x0, 0x0)
2016/04/10 21:45:35 [DEBUG] terraform-provider-docker: 	/opt/gopath/src/github.com/hashicorp/terraform/helper/schema/resource.go:146 +0x29e
2016/04/10 21:45:35 [DEBUG] terraform-provider-docker: github.com/hashicorp/terraform/helper/schema.(*Provider).Apply(0xc820204780, 0xc820424780, 0xc8204033b0, 0xc8201faa50, 0x1, 0x0, 0x0)
2016/04/10 21:45:35 [DEBUG] terraform-provider-docker: 	/opt/gopath/src/github.com/hashicorp/terraform/helper/schema/provider.go:162 +0x1ed
2016/04/10 21:45:35 [DEBUG] terraform-provider-docker: github.com/hashicorp/terraform/rpc.(*ResourceProviderServer).Apply(0xc8202689c0, 0xc8204261a0, 0xc8201fabd0, 0x0, 0x0)
2016/04/10 21:45:35 [DEBUG] terraform-provider-docker: 	/opt/gopath/src/github.com/hashicorp/terraform/rpc/resource_provider.go:323 +0x76
2016/04/10 21:45:35 [DEBUG] terraform-provider-docker: reflect.Value.call(0x637ee0, 0x7210d8, 0x13, 0x7722d8, 0x4, 0xc820473ed8, 0x3, 0x3, 0x0, 0x0, ...)
2016/04/10 21:45:35 [DEBUG] terraform-provider-docker: 	/opt/go/src/reflect/value.go:435 +0x120d
2016/04/10 21:45:35 [DEBUG] terraform-provider-docker: reflect.Value.Call(0x637ee0, 0x7210d8, 0x13, 0xc820473ed8, 0x3, 0x3, 0x0, 0x0, 0x0)
2016/04/10 21:45:35 [DEBUG] terraform-provider-docker: 	/opt/go/src/reflect/value.go:303 +0xb1
2016/04/10 21:45:35 [DEBUG] terraform-provider-docker: net/rpc.(*service).call(0xc82018ed40, 0xc82018ed00, 0xc8204fb4f0, 0xc82046c080, 0xc8202689e0, 0x545620, 0xc8204261a0, 0x16, 0x545680, 0xc8201fabd0, ...)
2016/04/10 21:45:35 [DEBUG] terraform-provider-docker: 	/opt/go/src/net/rpc/server.go:383 +0x1c2
2016/04/10 21:45:35 [DEBUG] terraform-provider-docker: created by net/rpc.(*Server).ServeCodec
2016/04/10 21:45:35 [DEBUG] terraform-provider-docker: 	/opt/go/src/net/rpc/server.go:477 +0x49d
2016/04/10 21:45:35 [DEBUG] root: eval: *terraform.EvalWriteState
2016/04/10 21:45:35 [DEBUG] root: eval: *terraform.EvalApplyProvisioners
2016/04/10 21:45:35 [DEBUG] root: eval: *terraform.EvalIf
2016/04/10 21:45:35 [DEBUG] root: eval: *terraform.EvalWriteDiff
2016/04/10 21:45:35 [DEBUG] root: eval: *terraform.EvalIf
2016/04/10 21:45:35 [DEBUG] root: eval: *terraform.EvalWriteState
2016/04/10 21:45:35 [DEBUG] root: eval: *terraform.EvalApplyPost
2016/04/10 21:45:35 [ERROR] root: eval: *terraform.EvalApplyPost, err: 1 error(s) occurred:

* docker_container.ubuntu: unexpected EOF
2016/04/10 21:45:35 [ERROR] root: eval: *terraform.EvalSequence, err: 1 error(s) occurred:

* docker_container.ubuntu: unexpected EOF
2016/04/10 21:45:35 [ERROR] root: eval: *terraform.EvalOpFilter, err: 1 error(s) occurred:

* docker_container.ubuntu: unexpected EOF
2016/04/10 21:45:35 [ERROR] root: eval: *terraform.EvalSequence, err: 1 error(s) occurred:

* docker_container.ubuntu: unexpected EOF
2016/04/10 21:45:35 [TRACE] [walkApply] Exiting eval tree: docker_container.ubuntu
2016/04/10 21:45:35 [DEBUG] vertex provider.docker (close), got dep: docker_container.ubuntu
2016/04/10 21:45:35 [DEBUG] /usr/local/terraform_0_6_14/terraform-provider-docker: plugin process exited
2016/04/10 21:45:35 [DEBUG] waiting for all plugin processes to complete...
